<?xml version="1.0" encoding="UTF-8"?>
<testng-results ignored="0" total="2" passed="2" failed="0" skipped="0">
  <reporter-output>
  </reporter-output>
  <suite started-at="2025-07-13T19:42:20 IST" name="MultiEnv API Suite" finished-at="2025-07-13T19:42:24 IST" duration-ms="4880">
    <groups>
    </groups>
    <test started-at="2025-07-13T19:42:20 IST" name="API TestCases" finished-at="2025-07-13T19:42:24 IST" duration-ms="4880">
      <class name="org.example.TestCases">
        <test-method is-config="true" signature="setup()[pri:0, instance:org.example.TestCases@55fe41ea]" started-at="2025-07-13T19:42:20 IST" name="setup" finished-at="2025-07-13T19:42:20 IST" duration-ms="377" status="PASS">
          <reporter-output>
          </reporter-output>
        </test-method> <!-- setup -->
        <test-method signature="testGetPost()[pri:0, instance:org.example.TestCases@55fe41ea]" started-at="2025-07-13T19:42:20 IST" name="testGetPost" finished-at="2025-07-13T19:42:23 IST" duration-ms="3306" status="PASS">
          <reporter-output>
          </reporter-output>
        </test-method> <!-- testGetPost -->
        <test-method signature="testInvalidPost()[pri:0, instance:org.example.TestCases@55fe41ea]" started-at="2025-07-13T19:42:23 IST" name="testInvalidPost" finished-at="2025-07-13T19:42:24 IST" duration-ms="1112" status="PASS">
          <reporter-output>
          </reporter-output>
        </test-method> <!-- testInvalidPost -->
      </class> <!-- org.example.TestCases -->
    </test> <!-- API TestCases -->
  </suite> <!-- MultiEnv API Suite -->
</testng-results>
